Copyright 1986-2020 Xilinx, Inc. All Rights Reserved.
-----------------------------------------------------------------------------------------
| Tool Version : Vivado v.2020.2 (win64) Build 3064766 Wed Nov 18 09:12:45 MST 2020
| Date         : Fri Mar 28 16:15:06 2025
| Host         : DESKTOP-DLOB77A running 64-bit major release  (build 9200)
| Command      : report_control_sets -verbose -file pls_cnt_disp_control_sets_placed.rpt
| Design       : pls_cnt_disp
| Device       : xczu3eg
-----------------------------------------------------------------------------------------

Control Set Information

Table of Contents
-----------------
1. Summary
2. Histogram
3. Flip-Flop Distribution
4. Detailed Control Set Information

1. Summary
----------

+----------------------------------------------------------+-------+
|                          Status                          | Count |
+----------------------------------------------------------+-------+
| Total control sets                                       |     8 |
|    Minimum number of control sets                        |     8 |
|    Addition due to synthesis replication                 |     0 |
|    Addition due to physical synthesis replication        |     0 |
| Unused register locations in slices containing registers |    12 |
+----------------------------------------------------------+-------+
* Control sets can be merged at opt_design using control_set_merge or merge_equivalent_drivers
** Run report_qor_suggestions for automated merging and remapping suggestions


2. Histogram
------------

+--------------------+-------+
|       Fanout       | Count |
+--------------------+-------+
| Total control sets |     8 |
| >= 0 to < 4        |     4 |
| >= 4 to < 6        |     1 |
| >= 6 to < 8        |     2 |
| >= 8 to < 10       |     0 |
| >= 10 to < 12      |     0 |
| >= 12 to < 14      |     0 |
| >= 14 to < 16      |     1 |
| >= 16              |     0 |
+--------------------+-------+
* Control sets can be remapped at either synth_design or opt_design


3. Flip-Flop Distribution
-------------------------

+--------------+-----------------------+------------------------+-----------------+--------------+
| Clock Enable | Synchronous Set/Reset | Asynchronous Set/Reset | Total Registers | Total Slices |
+--------------+-----------------------+------------------------+-----------------+--------------+
| No           | No                    | No                     |               2 |            2 |
| No           | No                    | Yes                    |               4 |            2 |
| No           | Yes                   | No                     |              15 |            3 |
| Yes          | No                    | No                     |               3 |            2 |
| Yes          | No                    | Yes                    |              16 |            6 |
| Yes          | Yes                   | No                     |               0 |            0 |
+--------------+-----------------------+------------------------+-----------------+--------------+


4. Detailed Control Set Information
-----------------------------------

+----------------+---------------------------+------------------+------------------+----------------+--------------+
|  Clock Signal  |       Enable Signal       | Set/Reset Signal | Slice Load Count | Bel Load Count | Bels / Slice |
+----------------+---------------------------+------------------+------------------+----------------+--------------+
|  clk_IBUF_BUFG | btn_pl0_i_1_n_0           |                  |                1 |              1 |         1.00 |
|  clk_IBUF_BUFG |                           |                  |                2 |              2 |         1.00 |
|  clk_IBUF_BUFG | uut2/pl0                  |                  |                1 |              2 |         2.00 |
|  clk_IBUF_BUFG | uut2/cnt                  | rst_IBUF_inst/O  |                1 |              3 |         3.00 |
|  clk_IBUF_BUFG |                           | rst_IBUF_inst/O  |                2 |              4 |         2.00 |
|  clk_IBUF_BUFG | uut3/cnto_sec[5]_i_1_n_0  | rst_IBUF_inst/O  |                3 |              6 |         2.00 |
|  clk_IBUF_BUFG | uut3/cnto_usec[6]_i_1_n_0 | rst_IBUF_inst/O  |                3 |              7 |         2.33 |
|  clk_IBUF_BUFG |                           | uut1/clear       |                3 |             15 |         5.00 |
+----------------+---------------------------+------------------+------------------+----------------+--------------+


